# R-039 Bundle Run 20260307_014300
## 0) uv sync --extra macos --extra vulkan
Resolved 46 packages in 11ms
Uninstalled 9 packages in 119ms
Installed 6 packages in 8ms
 + cffi==2.0.0
 - contourpy==1.3.3
 - cycler==0.12.1
 - fonttools==4.61.1
 - kiwisolver==1.4.9
 - matplotlib==3.10.8
 - packaging==26.0
 + pycparser==3.0
 + pyobjc-core==12.1
 + pyobjc-framework-cocoa==12.1
 + pyobjc-framework-quartz==12.1
 - pyparsing==3.3.2
 - python-dateutil==2.9.0.post0
 - six==1.17.0
 + vulkan==1.3.275.1
RC_SYNC=0
## 1) PYTHONPATH=. uv run --with pytest pytest tests -k "debug_menu_dispatch or debug_manifest_policy or macos_menu_integration" -q

==================================== ERRORS ====================================
_______________ ERROR collecting tests/test_ui_frame_renderer.py _______________
ImportError while importing test module '/Users/aleccandidato/Projects/luvatrix/tests/test_ui_frame_renderer.py'.
Hint: make sure your test modules/packages have valid Python names.
Traceback:
/Library/Frameworks/Python.framework/Versions/3.14/lib/python3.14/importlib/__init__.py:88: in import_module
    return _bootstrap._gcd_import(name[level:], package, level)
           ^^^^^^^^^^^^^^^^^^^^^^^^^^^^^^^^^^^^^^^^^^^^^^^^^^^^
tests/test_ui_frame_renderer.py:6: in <module>
    from matplotlib import font_manager
E   ModuleNotFoundError: No module named 'matplotlib'
=========================== short test summary info ============================
ERROR tests/test_ui_frame_renderer.py
!!!!!!!!!!!!!!!!!!!! Interrupted: 1 error during collection !!!!!!!!!!!!!!!!!!!!
419 deselected, 1 error in 1.14s
RC_1=2
## 2) PYTHONPATH=. uv run python main.py run-app examples/app_protocol/planes_v2_poc --render macos --ticks 120
Python Vulkan bindings not available. Install with `pip install "luvatrix[vulkan]"` (or `pip install vulkan`) and ensure MoltenVK runtime is installed. Running in temporary layer-blit mode. (Cannot find Vulkan SDK version. Please ensure that it is installed and that the <sdk_root>/<version>/lib/ folder is in the library path)
macOS present path active: fallback_clean
[luvatrix] Vulkan preflight notice:
Vulkan loader (libvulkan.1.dylib) was not found.
Install Vulkan SDK / MoltenVK, then restart your shell.
Typical macOS options:
  1) Install LunarG Vulkan SDK
  2) Or install MoltenVK + Vulkan loader via Homebrew
Then ensure VULKAN_SDK is exported if your setup requires it.
[luvatrix] Falling back to layer-blit mode if Vulkan cannot initialize.
run complete: ticks=120 frames=9 stopped_by_target_close=False stopped_by_energy_safety=False
RC_2=0
## 3) PYTHONPATH=. uv run python main.py run-app examples/app_protocol/input_sensor_logger --render macos --ticks 120
app protocol_version=1 is deprecated
Python Vulkan bindings not available. Install with `pip install "luvatrix[vulkan]"` (or `pip install vulkan`) and ensure MoltenVK runtime is installed. Running in temporary layer-blit mode. (Cannot find Vulkan SDK version. Please ensure that it is installed and that the <sdk_root>/<version>/lib/ folder is in the library path)
macOS present path active: fallback_clean
[luvatrix] Vulkan preflight notice:
Vulkan loader (libvulkan.1.dylib) was not found.
Install Vulkan SDK / MoltenVK, then restart your shell.
Typical macOS options:
  1) Install LunarG Vulkan SDK
  2) Or install MoltenVK + Vulkan loader via Homebrew
Then ensure VULKAN_SDK is exported if your setup requires it.
[luvatrix] Falling back to layer-blit mode if Vulkan cannot initialize.
[logger-app] init
[logger-app] sensors=['thermal.temperature', 'power.voltage_current']
[hdi] device=mouse type=pointer_move status=NOT_DETECTED payload={'x': 132.046875, 'y': 0.0}
[sensor] type=thermal.temperature status=UNAVAILABLE value=None unit=None
[sensor] type=power.voltage_current status=UNAVAILABLE value=None unit=None
[hdi] device=mouse type=pointer_move status=OK payload={'x': 132.046875, 'y': 0.0}
[hdi] device=mouse type=pointer_move status=OK payload={'x': 132.046875, 'y': 0.0}
[hdi] device=mouse type=pointer_move status=OK payload={'x': 132.046875, 'y': 0.0}
[hdi] device=mouse type=pointer_move status=OK payload={'x': 132.046875, 'y': 0.0}
[hdi] device=mouse type=pointer_move status=OK payload={'x': 132.046875, 'y': 0.0}
[hdi] device=mouse type=pointer_move status=OK payload={'x': 132.046875, 'y': 0.0}
[hdi] device=mouse type=pointer_move status=OK payload={'x': 132.046875, 'y': 0.0}
[hdi] device=mouse type=pointer_move status=OK payload={'x': 132.046875, 'y': 0.0}
[hdi] device=mouse type=pointer_move status=OK payload={'x': 132.046875, 'y': 0.0}
[hdi] device=mouse type=pointer_move status=OK payload={'x': 132.046875, 'y': 0.0}
[hdi] device=mouse type=pointer_move status=OK payload={'x': 132.046875, 'y': 0.0}
[hdi] device=mouse type=pointer_move status=OK payload={'x': 132.046875, 'y': 0.0}
[hdi] device=mouse type=pointer_move status=OK payload={'x': 132.046875, 'y': 0.0}
[hdi] device=mouse type=pointer_move status=OK payload={'x': 132.046875, 'y': 0.0}
[hdi] device=mouse type=pointer_move status=OK payload={'x': 132.046875, 'y': 0.0}
[hdi] device=mouse type=pointer_move status=OK payload={'x': 132.046875, 'y': 0.0}
[hdi] device=mouse type=pointer_move status=OK payload={'x': 132.046875, 'y': 0.0}
[hdi] device=mouse type=pointer_move status=OK payload={'x': 132.046875, 'y': 0.0}
[hdi] device=mouse type=pointer_move status=OK payload={'x': 132.046875, 'y': 0.0}
[hdi] device=mouse type=pointer_move status=OK payload={'x': 132.046875, 'y': 0.0}
[hdi] device=mouse type=pointer_move status=OK payload={'x': 132.046875, 'y': 0.0}
[hdi] device=mouse type=pointer_move status=OK payload={'x': 132.046875, 'y': 0.0}
[hdi] device=mouse type=pointer_move status=OK payload={'x': 132.046875, 'y': 0.0}
[hdi] device=mouse type=pointer_move status=OK payload={'x': 132.046875, 'y': 0.0}
[hdi] device=mouse type=pointer_move status=OK payload={'x': 132.046875, 'y': 0.0}
[hdi] device=mouse type=pointer_move status=OK payload={'x': 132.046875, 'y': 0.0}
[hdi] device=mouse type=pointer_move status=OK payload={'x': 132.046875, 'y': 0.0}
[hdi] device=mouse type=pointer_move status=OK payload={'x': 132.046875, 'y': 0.0}
[sensor] type=thermal.temperature status=UNAVAILABLE value=None unit=None
[sensor] type=power.voltage_current status=UNAVAILABLE value=None unit=None
[hdi] device=mouse type=pointer_move status=OK payload={'x': 132.046875, 'y': 0.0}
[hdi] device=mouse type=pointer_move status=OK payload={'x': 132.046875, 'y': 0.0}
[hdi] device=mouse type=pointer_move status=OK payload={'x': 132.046875, 'y': 0.0}
[hdi] device=mouse type=pointer_move status=OK payload={'x': 132.046875, 'y': 0.0}
[hdi] device=mouse type=pointer_move status=OK payload={'x': 132.046875, 'y': 0.0}
[hdi] device=mouse type=pointer_move status=OK payload={'x': 132.046875, 'y': 0.0}
[hdi] device=mouse type=pointer_move status=OK payload={'x': 132.046875, 'y': 0.0}
[hdi] device=mouse type=pointer_move status=OK payload={'x': 132.046875, 'y': 0.0}
[hdi] device=mouse type=pointer_move status=OK payload={'x': 132.046875, 'y': 0.0}
[hdi] device=mouse type=pointer_move status=OK payload={'x': 132.046875, 'y': 0.0}
[hdi] device=mouse type=pointer_move status=OK payload={'x': 132.046875, 'y': 0.0}
[hdi] device=mouse type=pointer_move status=OK payload={'x': 132.046875, 'y': 0.0}
[hdi] device=mouse type=pointer_move status=OK payload={'x': 132.046875, 'y': 0.0}
[hdi] device=mouse type=pointer_move status=OK payload={'x': 132.046875, 'y': 0.0}
[hdi] device=mouse type=pointer_move status=OK payload={'x': 132.046875, 'y': 0.0}
[hdi] device=mouse type=pointer_move status=OK payload={'x': 132.046875, 'y': 0.0}
[hdi] device=trackpad type=pressure status=OK payload={'x': 132.046875, 'y': 0.0, 'pressure': 0.0, 'stage': 1}
[hdi] device=trackpad type=pressure status=OK payload={'x': 132.046875, 'y': 0.0, 'pressure': 0.0083160400390625, 'stage': 1}
[sensor] type=thermal.temperature status=UNAVAILABLE value=None unit=None
[sensor] type=power.voltage_current status=UNAVAILABLE value=None unit=None
[hdi] device=mouse type=pointer_move status=OK payload={'x': 132.046875, 'y': 0.0}
[hdi] device=mouse type=pointer_move status=OK payload={'x': 132.046875, 'y': 0.0}
[hdi] device=mouse type=pointer_move status=OK payload={'x': 132.046875, 'y': 0.0}
[hdi] device=mouse type=pointer_move status=OK payload={'x': 132.046875, 'y': 0.0}
[hdi] device=mouse type=pointer_move status=OK payload={'x': 132.046875, 'y': 0.0}
[hdi] device=mouse type=pointer_move status=OK payload={'x': 132.046875, 'y': 0.0}
[hdi] device=mouse type=pointer_move status=OK payload={'x': 132.046875, 'y': 0.0}
[hdi] device=mouse type=pointer_move status=OK payload={'x': 132.046875, 'y': 0.0}
[hdi] device=mouse type=pointer_move status=OK payload={'x': 132.046875, 'y': 0.0}
[hdi] device=mouse type=pointer_move status=OK payload={'x': 132.046875, 'y': 0.0}
[hdi] device=mouse type=pointer_move status=OK payload={'x': 132.84765625, 'y': 0.0}
[hdi] device=mouse type=pointer_move status=OK payload={'x': 133.16015625, 'y': 0.0}
[hdi] device=mouse type=pointer_move status=OK payload={'x': 132.14453125, 'y': 0.0}
[hdi] device=mouse type=pointer_move status=OK payload={'x': 118.4140625, 'y': 0.0}
[hdi] device=mouse type=pointer_move status=OK payload={'x': 110.56640625, 'y': 0.0}
[hdi] device=mouse type=pointer_move status=OK payload={'x': 108.30859375, 'y': 0.0}
[hdi] device=mouse type=pointer_move status=OK payload={'x': 109.99609375, 'y': 0.0}
[hdi] device=mouse type=pointer_move status=OK payload={'x': 120.703125, 'y': 18.5859375}
[hdi] device=mouse type=pointer_move status=OK payload={'x': 129.13671875, 'y': 29.390625}
[hdi] device=mouse type=pointer_move status=OK payload={'x': 136.34375, 'y': 34.67578125}
[hdi] device=mouse type=pointer_move status=OK payload={'x': 143.5859375, 'y': 36.93359375}
[hdi] device=mouse type=pointer_move status=OK payload={'x': 150.828125, 'y': 37.3828125}
[hdi] device=mouse type=pointer_move status=OK payload={'x': 159.43359375, 'y': 37.3828125}
[hdi] device=mouse type=pointer_move status=OK payload={'x': 164.19140625, 'y': 36.984375}
[hdi] device=mouse type=pointer_move status=OK payload={'x': 166.91796875, 'y': 35.95703125}
[hdi] device=mouse type=pointer_move status=OK payload={'x': 168.42578125, 'y': 35.66796875}
[hdi] device=mouse type=pointer_move status=OK payload={'x': 169.25390625, 'y': 35.66796875}
[hdi] device=mouse type=pointer_move status=OK payload={'x': 169.51171875, 'y': 35.66796875}
[sensor] type=thermal.temperature status=UNAVAILABLE value=None unit=None
[sensor] type=power.voltage_current status=UNAVAILABLE value=None unit=None
[hdi] device=mouse type=pointer_move status=OK payload={'x': 169.51171875, 'y': 35.4296875}
[hdi] device=mouse type=pointer_move status=OK payload={'x': 169.82421875, 'y': 33.9140625}
[hdi] device=mouse type=pointer_move status=OK payload={'x': 171.2421875, 'y': 31.125}
[hdi] device=mouse type=pointer_move status=OK payload={'x': 174.46875, 'y': 27.51953125}
[hdi] device=mouse type=pointer_move status=OK payload={'x': 182.79296875, 'y': 25.05078125}
[hdi] device=mouse type=pointer_move status=OK payload={'x': 189.38671875, 'y': 25.05078125}
[hdi] device=mouse type=pointer_move status=OK payload={'x': 194.90625, 'y': 27.171875}
[hdi] device=mouse type=pointer_move status=OK payload={'x': 198.30078125, 'y': 31.25}
[hdi] device=mouse type=pointer_move status=OK payload={'x': 202.71484375, 'y': 37.2265625}
[hdi] device=mouse type=pointer_move status=OK payload={'x': 204.01953125, 'y': 39.52734375}
[hdi] device=mouse type=pointer_move status=OK payload={'x': 204.6171875, 'y': 41.03515625}
[hdi] device=mouse type=pointer_move status=OK payload={'x': 204.90234375, 'y': 41.86328125}
[hdi] device=mouse type=pointer_move status=OK payload={'x': 204.90234375, 'y': 42.37890625}
[hdi] device=mouse type=pointer_move status=OK payload={'x': 204.90234375, 'y': 42.37890625}
[hdi] device=mouse type=pointer_move status=OK payload={'x': 204.90234375, 'y': 42.37890625}
[hdi] device=mouse type=pointer_move status=OK payload={'x': 204.90234375, 'y': 42.37890625}
[hdi] device=trackpad type=pressure status=OK payload={'x': 204.90234375, 'y': 42.37890625, 'pressure': 0.0, 'stage': 1}
[hdi] device=trackpad type=pressure status=OK payload={'x': 204.90234375, 'y': 42.37890625, 'pressure': 0.005523681640625, 'stage': 1}
[hdi] device=trackpad type=click status=OK payload={'x': 204.90234375, 'y': 42.37890625, 'button': 0, 'click_count': 1, 'phase': 'down'}
[hdi] device=mouse type=pointer_move status=OK payload={'x': 205.01953125, 'y': 42.49609375}
[hdi] device=trackpad type=pressure status=OK payload={'x': 205.01953125, 'y': 42.49609375, 'pressure': 0.064971923828125, 'stage': 1}
[hdi] device=mouse type=pointer_move status=OK payload={'x': 205.01953125, 'y': 42.49609375}
[hdi] device=trackpad type=pressure status=OK payload={'x': 205.01953125, 'y': 42.49609375, 'pressure': 0.159759521484375, 'stage': 1}
[hdi] device=mouse type=pointer_move status=OK payload={'x': 205.01953125, 'y': 42.49609375}
[hdi] device=trackpad type=pressure status=OK payload={'x': 205.01953125, 'y': 42.49609375, 'pressure': 0.2175445556640625, 'stage': 1}
[hdi] device=mouse type=pointer_move status=OK payload={'x': 205.01953125, 'y': 42.49609375}
[hdi] device=trackpad type=pressure status=OK payload={'x': 205.01953125, 'y': 42.49609375, 'pressure': 0.2713623046875, 'stage': 1}
[hdi] device=mouse type=pointer_move status=OK payload={'x': 205.01953125, 'y': 42.49609375}
[hdi] device=trackpad type=pressure status=OK payload={'x': 205.01953125, 'y': 42.49609375, 'pressure': 0.303558349609375, 'stage': 1}
[hdi] device=mouse type=pointer_move status=OK payload={'x': 205.01953125, 'y': 42.49609375}
[hdi] device=trackpad type=pressure status=OK payload={'x': 205.01953125, 'y': 42.49609375, 'pressure': 0.282684326171875, 'stage': 1}
[hdi] device=mouse type=pointer_move status=OK payload={'x': 205.01953125, 'y': 42.49609375}
[hdi] device=trackpad type=pressure status=OK payload={'x': 205.01953125, 'y': 42.49609375, 'pressure': 0.0, 'stage': 0}
[hdi] device=trackpad type=click status=OK payload={'x': 205.01953125, 'y': 42.49609375, 'button': 0, 'click_count': 1, 'phase': 'up'}
[hdi] device=mouse type=pointer_move status=OK payload={'x': 204.5234375, 'y': 42.75390625}
[hdi] device=mouse type=pointer_move status=OK payload={'x': 204.5234375, 'y': 42.75390625}
[hdi] device=mouse type=pointer_move status=OK payload={'x': 204.5234375, 'y': 42.75390625}
[hdi] device=mouse type=pointer_move status=OK payload={'x': 204.5234375, 'y': 42.75390625}
[hdi] device=mouse type=pointer_move status=OK payload={'x': 204.5234375, 'y': 42.75390625}
[hdi] device=mouse type=pointer_move status=OK payload={'x': 204.5234375, 'y': 42.75390625}
[sensor] type=thermal.temperature status=UNAVAILABLE value=None unit=None
[sensor] type=power.voltage_current status=UNAVAILABLE value=None unit=None
[hdi] device=mouse type=pointer_move status=OK payload={'x': 204.5234375, 'y': 42.75390625}
[hdi] device=mouse type=pointer_move status=OK payload={'x': 204.5234375, 'y': 37.71484375}
[hdi] device=mouse type=pointer_move status=OK payload={'x': 204.5234375, 'y': 23.94140625}
[hdi] device=mouse type=pointer_move status=OK payload={'x': 204.5234375, 'y': 0.0}
[hdi] device=mouse type=pointer_move status=OK payload={'x': 204.5234375, 'y': 0.0}
[hdi] device=mouse type=pointer_move status=OK payload={'x': 203.5625, 'y': 0.0}
[hdi] device=mouse type=pointer_move status=OK payload={'x': 199.3828125, 'y': 0.0}
[hdi] device=mouse type=pointer_move status=OK payload={'x': 196.05078125, 'y': 0.0}
[hdi] device=mouse type=pointer_move status=OK payload={'x': 194.58203125, 'y': 0.0}
[hdi] device=mouse type=pointer_move status=OK payload={'x': 191.46875, 'y': 0.0}
[hdi] device=mouse type=pointer_move status=OK payload={'x': 189.98828125, 'y': 0.0}
[hdi] device=mouse type=pointer_move status=OK payload={'x': 187.22265625, 'y': 0.0}
[hdi] device=mouse type=pointer_move status=OK payload={'x': 185.96484375, 'y': 0.0}
[hdi] device=mouse type=pointer_move status=OK payload={'x': 184.81640625, 'y': 0.0}
[hdi] device=mouse type=pointer_move status=OK payload={'x': 184.29296875, 'y': 0.0}
[hdi] device=mouse type=pointer_move status=OK payload={'x': 184.29296875, 'y': 0.0}
[hdi] device=mouse type=pointer_move status=OK payload={'x': 184.29296875, 'y': 0.0}
[hdi] device=mouse type=pointer_move status=OK payload={'x': 184.29296875, 'y': 0.0}
[logger-app] stop
run complete: ticks=120 frames=1 stopped_by_target_close=False stopped_by_energy_safety=False
RC_3=0
## preflight smoke harness
{
  "all_passed": true,
  "generated_at_epoch_sec": 1772865801,
  "milestone_id": "R-039",
  "preflight": {
    "checks": [
      {
        "detail": "AppKit import available",
        "id": "appkit",
        "required": true,
        "status": "PASS"
      },
      {
        "detail": "objc runtime import available",
        "id": "pyobjc",
        "required": true,
        "status": "PASS"
      },
      {
        "detail": "Quartz import available",
        "id": "quartz_api",
        "module": "Quartz",
        "required": true,
        "status": "PASS"
      },
      {
        "detail": "loader=present; module=missing (OSError: Cannot find Vulkan SDK version. Please ensure that it is installed and that the <sdk_root>/<version>/lib/ folder is in the library path)",
        "id": "vulkan_optional",
        "loader": "/usr/local/lib/libvulkan.dylib",
        "required": false,
        "status": "PASS"
      }
    ],
    "host_platform": "darwin",
    "required_checks_passed": true,
    "summary": "ready"
  },
  "runs": [
    {
      "command": "uv run python main.py run-app examples/app_protocol/planes_v2_poc --render macos --ticks 120",
      "duration_sec": 4.146,
      "log": "artifacts/debug_menu/r039_smoke/planes_v2_poc.log",
      "name": "planes_v2_poc",
      "return_code": 0,
      "status": "PASS"
    },
    {
      "command": "uv run python main.py run-app examples/app_protocol/input_sensor_logger --render macos --ticks 120",
      "duration_sec": 3.724,
      "log": "artifacts/debug_menu/r039_smoke/input_sensor_logger.log",
      "name": "input_sensor_logger",
      "return_code": 0,
      "status": "PASS"
    }
  ]
}
RC_PREFLIGHT=0
## 4) PYTHONPATH=. uv run python ops/planning/agile/validate_milestone_task_links.py
validation: PASS
checked 40 milestones against 186 active + 19 archived tasks
RC_4=0
## 5) PYTHONPATH=. uv run python ops/planning/api/validate_closeout_packet.py --milestone-id R-039
validation: PASS (ops/planning/closeout/r-039_closeout.md)
RC_5=0
