
$ uv run gateflow --root /Users/aleccandidato/Projects/luvatrix init doctor
{
  "missing": [],
  "ok": true,
  "root": "/Users/aleccandidato/Projects/luvatrix"
}

$ uv run gateflow --root /Users/aleccandidato/Projects/luvatrix api GET /milestones/P-047
{
  "compatibility_mode": "planning_api_shim_v1",
  "method": "GET",
  "path": "/milestones/P-047",
  "result": {
    "ci_required_checks": [
      "uv run python ops/planning/agile/validate_milestone_task_links.py",
      "uv run python ops/planning/api/validate_closeout_packet.py --milestone-id P-047"
    ],
    "closeout_criteria": {
      "go_threshold": 85,
      "hard_no_go_conditions": [
        "required checks fail on main",
        "closeout packet validation fails",
        "unresolved high-severity risk without accepted waiver"
      ],
      "metric_description": "P-047 go/no-go closeout metric.",
      "metric_id": "p-047-closeout-v1",
      "required_commands": [
        "uv run python ops/planning/api/validate_closeout_packet.py --milestone-id P-047",
        "uv run python ops/planning/agile/validate_milestone_task_links.py"
      ],
      "required_evidence": [
        "ops/planning/closeout/p-047_closeout.md",
        "validator outputs",
        "task-level evidence links"
      ],
      "rubric_version": "closeout_rubric_v1",
      "score_components": [
        "correctness",
        "safety",
        "compatibility",
        "evidence"
      ],
      "score_formula": "weighted_sum(correctness,safety,compatibility,evidence)"
    },
    "descriptions": [
      "Adopt standalone gateflow CLI in Luvatrix with wrappers and deprecation notices.",
      "Keep planning continuity while shifting operational commands."
    ],
    "emoji": "\ud83d\ude9a",
    "end_week": 61,
    "id": "P-047",
    "lifecycle_events": [
      {
        "date": "2026-03-07",
        "event": "active",
        "framework": "gateflow_v1",
        "note": "gateflow productization roadmap milestone created"
      }
    ],
    "name": "Luvatrix Adoption + Deprecation",
    "start_week": 60,
    "status": "Planned",
    "success_criteria": [
      "Luvatrix planning operations run end-to-end through standalone gateflow tooling.",
      "Legacy entrypoints are deprecated with clear migration guidance."
    ],
    "task_ids": [
      "T-4700",
      "T-4701",
      "T-4702",
      "T-4703",
      "T-4704"
    ]
  }
}

$ uv run gateflow --root /Users/aleccandidato/Projects/luvatrix api GET /tasks/T-4704
{
  "compatibility_mode": "planning_api_shim_v1",
  "method": "GET",
  "path": "/tasks/T-4704",
  "result": {
    "board_refs": [
      "milestone:P-047",
      "team:platform-ci",
      "specialist:qa"
    ],
    "depends_on": [
      "T-4702",
      "T-4703"
    ],
    "id": "T-4704",
    "milestone_id": "P-047",
    "notes": [
      "Prove end-to-end operational continuity after adoption."
    ],
    "status": "Intake",
    "task_type": "standard",
    "title": "Run full planning workflow dry-run in Luvatrix via standalone gateflow"
  }
}

$ uv run gateflow --root /Users/aleccandidato/Projects/luvatrix validate links
validation: PASS (links)

$ uv run gateflow --root /Users/aleccandidato/Projects/luvatrix validate closeout
validation: PASS (closeout)

$ uv run gateflow --root /Users/aleccandidato/Projects/luvatrix validate all
validation: PASS (all)
